2025-05-31 19:31:31,759 - main - INFO - 开始执行主函数
2025-05-31 19:31:31,759 - main - INFO - 开始执行主函数
2025-05-31 19:31:31,775 - main - INFO - 成功加载配置：{'sub_group_ratio': 20, 'window_width': 700, 'window_height': 700}
2025-05-31 19:31:31,775 - main - INFO - 成功加载配置：{'sub_group_ratio': 20, 'window_width': 700, 'window_height': 700}
2025-05-31 19:31:31,776 - main - INFO - 开始初始化主窗口
2025-05-31 19:31:31,776 - main - INFO - 开始初始化主窗口
2025-05-31 19:31:31,776 - main - INFO - 开始从 data/save/data.json 加载数据
2025-05-31 19:31:31,776 - main - INFO - 开始从 data/save/data.json 加载数据
2025-05-31 19:31:31,777 - main - INFO - 成功从 data/save/data.json 加载数据
2025-05-31 19:31:31,777 - main - INFO - 成功从 data/save/data.json 加载数据
2025-05-31 19:31:31,777 - main - INFO - 开始从 data/system/config/config.json 加载配置信息
2025-05-31 19:31:31,777 - main - INFO - 开始从 data/system/config/config.json 加载配置信息
2025-05-31 19:31:31,777 - main - INFO - 成功从 data/system/config/config.json 加载配置信息
2025-05-31 19:31:31,777 - main - INFO - 成功从 data/system/config/config.json 加载配置信息
2025-05-31 19:31:31,778 - main - INFO - 设置按钮已创建
2025-05-31 19:31:31,778 - main - INFO - 设置按钮已创建
2025-05-31 19:31:31,779 - main - INFO - 主分组列表已创建
2025-05-31 19:31:31,779 - main - INFO - 主分组列表已创建
2025-05-31 19:31:31,779 - main - INFO - 窗口控制按钮已创建
2025-05-31 19:31:31,779 - main - INFO - 窗口控制按钮已创建
2025-05-31 19:31:31,792 - main - INFO - 子分组列表已创建，设置为可水平扩展并添加可拖动分隔条
2025-05-31 19:31:31,792 - main - INFO - 子分组列表已创建，设置为可水平扩展并添加可拖动分隔条
2025-05-31 19:31:31,799 - main - INFO - 文件列表已创建，设置为可水平扩展并添加到分隔条
2025-05-31 19:31:31,799 - main - INFO - 文件列表已创建，设置为可水平扩展并添加到分隔条
2025-05-31 19:31:31,800 - main - INFO - 文件列表已创建，设置为可水平扩展
2025-05-31 19:31:31,800 - main - INFO - 文件列表已创建，设置为可水平扩展
2025-05-31 19:31:31,801 - main - INFO - 主分组切换到索引 0，开始更新子分组列表和清空文件列表
2025-05-31 19:31:31,801 - main - INFO - 主分组切换到索引 0，开始更新子分组列表和清空文件列表
2025-05-31 19:31:31,801 - main - INFO - 主分组索引 0 对应的子分组列表更新完成
2025-05-31 19:31:31,801 - main - INFO - 主分组索引 0 对应的子分组列表更新完成
2025-05-31 19:31:31,801 - main - INFO - 子分组切换到索引 0，主分组索引为 -1，开始更新文件列表
2025-05-31 19:31:31,801 - main - INFO - 子分组切换到索引 0，主分组索引为 -1，开始更新文件列表
2025-05-31 19:31:31,801 - main - INFO - 未选中有效的主分组或子分组，文件列表保持为空
2025-05-31 19:31:31,801 - main - INFO - 未选中有效的主分组或子分组，文件列表保持为空
2025-05-31 19:31:31,801 - main - INFO - 主窗口初始化完成
2025-05-31 19:31:31,801 - main - INFO - 主窗口初始化完成
2025-05-31 19:31:34,524 - main - INFO - 子分组切换到索引 0，主分组索引为 -1，开始更新文件列表
2025-05-31 19:31:34,524 - main - INFO - 子分组切换到索引 0，主分组索引为 -1，开始更新文件列表
2025-05-31 19:31:34,525 - main - INFO - 未选中有效的主分组或子分组，文件列表保持为空
2025-05-31 19:31:34,525 - main - INFO - 未选中有效的主分组或子分组，文件列表保持为空
2025-05-31 19:31:34,558 - main - INFO - 子分组切换到索引 1，主分组索引为 -1，开始更新文件列表
2025-05-31 19:31:34,558 - main - INFO - 子分组切换到索引 1，主分组索引为 -1，开始更新文件列表
2025-05-31 19:31:34,559 - main - INFO - 未选中有效的主分组或子分组，文件列表保持为空
2025-05-31 19:31:34,559 - main - INFO - 未选中有效的主分组或子分组，文件列表保持为空
